2022-08-29 15:47:45 ERROR [http-nio-8080-exec-1]: java.sql.SQLException: Cannot create PoolableConnectionFactory (Could not create connection to database server. Attempted reconnect 3 times. Giving up.)2022-08-30 12:13:19 ERROR [main]: javax.naming.NoInitialContextException: Need to specify class name in environment or system property, or as an applet parameter, or in an application resource file:  java.naming.factory.initial2022-08-30 22:29:05 ERROR [http-nio-8080-exec-16]: com.mysql.cj.jdbc.exceptions.CommunicationsException: Communications link failure

The last packet sent successfully to the server was 0 milliseconds ago. The driver has not received any packets from the server.
2022-08-30 22:29:07 ERROR [http-nio-8080-exec-13]: com.mysql.cj.jdbc.exceptions.CommunicationsException: Communications link failure

The last packet sent successfully to the server was 0 milliseconds ago. The driver has not received any packets from the server.
2022-08-30 22:50:23 ERROR [http-nio-8080-exec-2]: com.mysql.cj.jdbc.exceptions.CommunicationsException: Communications link failure

The last packet sent successfully to the server was 0 milliseconds ago. The driver has not received any packets from the server.
2022-08-30 22:50:25 ERROR [http-nio-8080-exec-4]: com.mysql.cj.jdbc.exceptions.CommunicationsException: Communications link failure

The last packet sent successfully to the server was 0 milliseconds ago. The driver has not received any packets from the server.
2022-09-01 14:33:47 ERROR [http-nio-8080-exec-9]: java.sql.SQLException: Incorrect integer value: 'Гострий апендицит' for column 'id_roles' at row 1
2022-09-01 14:46:08 ERROR [http-nio-8080-exec-6]: com.mysql.cj.jdbc.exceptions.CommunicationsException: Communications link failure

The last packet sent successfully to the server was 0 milliseconds ago. The driver has not received any packets from the server.
2022-09-01 19:16:26 ERROR [http-nio-8080-exec-6]: com.mysql.cj.jdbc.exceptions.CommunicationsException: Communications link failure

The last packet sent successfully to the server was 0 milliseconds ago. The driver has not received any packets from the server.
2022-09-01 19:16:28 ERROR [http-nio-8080-exec-7]: com.mysql.cj.jdbc.exceptions.CommunicationsException: Communications link failure

The last packet sent successfully to the server was 0 milliseconds ago. The driver has not received any packets from the server.
2022-09-01 19:18:29 ERROR [http-nio-8080-exec-1]: com.mysql.cj.jdbc.exceptions.CommunicationsException: Communications link failure

The last packet sent successfully to the server was 0 milliseconds ago. The driver has not received any packets from the server.
2022-09-01 19:18:36 ERROR [http-nio-8080-exec-4]: com.mysql.cj.jdbc.exceptions.CommunicationsException: Communications link failure

The last packet sent successfully to the server was 0 milliseconds ago. The driver has not received any packets from the server.
2022-09-01 19:19:01 ERROR [http-nio-8080-exec-3]: com.mysql.cj.jdbc.exceptions.CommunicationsException: Communications link failure

The last packet sent successfully to the server was 0 milliseconds ago. The driver has not received any packets from the server.
2022-09-01 19:19:43 ERROR [main]: com.mysql.cj.jdbc.exceptions.CommunicationsException: Communications link failure

The last packet sent successfully to the server was 0 milliseconds ago. The driver has not received any packets from the server.
2022-09-01 19:19:44 ERROR [main]: com.mysql.cj.jdbc.exceptions.CommunicationsException: Communications link failure

The last packet sent successfully to the server was 0 milliseconds ago. The driver has not received any packets from the server.
2022-09-01 19:19:44 ERROR [main]: com.mysql.cj.jdbc.exceptions.CommunicationsException: Communications link failure

The last packet sent successfully to the server was 0 milliseconds ago. The driver has not received any packets from the server.
2022-09-01 19:19:44 ERROR [main]: com.mysql.cj.jdbc.exceptions.CommunicationsException: Communications link failure

The last packet sent successfully to the server was 0 milliseconds ago. The driver has not received any packets from the server.
2022-09-01 19:19:44 ERROR [main]: com.mysql.cj.jdbc.exceptions.CommunicationsException: Communications link failure

The last packet sent successfully to the server was 0 milliseconds ago. The driver has not received any packets from the server.
2022-09-01 19:19:44 ERROR [main]: com.mysql.cj.jdbc.exceptions.CommunicationsException: Communications link failure

The last packet sent successfully to the server was 0 milliseconds ago. The driver has not received any packets from the server.
2022-09-01 19:19:44 ERROR [main]: com.mysql.cj.jdbc.exceptions.CommunicationsException: Communications link failure

The last packet sent successfully to the server was 0 milliseconds ago. The driver has not received any packets from the server.
2022-09-01 19:19:44 ERROR [main]: com.mysql.cj.jdbc.exceptions.CommunicationsException: Communications link failure

The last packet sent successfully to the server was 0 milliseconds ago. The driver has not received any packets from the server.
2022-09-01 19:19:44 ERROR [main]: com.mysql.cj.jdbc.exceptions.CommunicationsException: Communications link failure

The last packet sent successfully to the server was 0 milliseconds ago. The driver has not received any packets from the server.
2022-09-01 19:19:44 ERROR [main]: com.mysql.cj.jdbc.exceptions.CommunicationsException: Communications link failure

The last packet sent successfully to the server was 0 milliseconds ago. The driver has not received any packets from the server.
2022-09-01 19:19:44 ERROR [main]: com.mysql.cj.jdbc.exceptions.CommunicationsException: Communications link failure

The last packet sent successfully to the server was 0 milliseconds ago. The driver has not received any packets from the server.
2022-09-01 19:19:44 ERROR [main]: com.mysql.cj.jdbc.exceptions.CommunicationsException: Communications link failure

The last packet sent successfully to the server was 0 milliseconds ago. The driver has not received any packets from the server.
2022-09-01 19:19:44 ERROR [main]: com.mysql.cj.jdbc.exceptions.CommunicationsException: Communications link failure

The last packet sent successfully to the server was 0 milliseconds ago. The driver has not received any packets from the server.
2022-09-01 20:33:51 ERROR [http-nio-8080-exec-10]: java.sql.SQLSyntaxErrorException: You have an error in your SQL syntax; check the manual that corresponds to your MySQL server version for the right syntax to use near 'WHERE (`id` = 30)' at line 1
2022-09-01 20:55:40 ERROR [http-nio-8080-exec-1]: java.sql.SQLSyntaxErrorException: You have an error in your SQL syntax; check the manual that corresponds to your MySQL server version for the right syntax to use near 'WHERE (`id` = 30)' at line 1
2022-09-05 11:10:22 INFO  [main]: using connection without pool
2022-09-05 11:10:22 INFO  [main]: using connection without pool
2022-09-05 11:10:22 INFO  [main]: using connection without pool
2022-09-05 11:10:22 INFO  [main]: using connection without pool
2022-09-05 11:10:22 INFO  [main]: using connection without pool
2022-09-05 11:10:22 INFO  [main]: using connection without pool
2022-09-05 11:10:22 INFO  [main]: using connection without pool
2022-09-05 11:10:22 INFO  [main]: using connection without pool
2022-09-05 11:10:22 INFO  [main]: using connection without pool
2022-09-05 11:10:22 INFO  [main]: using connection without pool
2022-09-05 11:10:22 INFO  [main]: using connection without pool
2022-09-05 11:10:22 INFO  [main]: using connection without pool
2022-09-05 11:10:22 INFO  [main]: using connection without pool
2022-09-05 11:10:22 INFO  [main]: using connection without pool
2022-09-05 11:10:22 INFO  [main]: using connection without pool
2022-09-05 11:10:22 INFO  [main]: using connection without pool
2022-09-05 11:10:22 INFO  [main]: using connection without pool
2022-09-05 11:10:22 INFO  [main]: using connection without pool
2022-09-05 11:10:22 INFO  [main]: using connection without pool
2022-09-05 11:10:22 INFO  [main]: using connection without pool
2022-09-05 11:10:22 INFO  [main]: using connection without pool
2022-09-05 11:10:22 INFO  [main]: using connection without pool
2022-09-05 11:10:22 INFO  [main]: using connection without pool
2022-09-05 11:10:22 INFO  [main]: using connection without pool
2022-09-05 11:10:22 INFO  [main]: using connection without pool
2022-09-05 11:10:23 INFO  [main]: using connection without pool
2022-09-05 11:10:23 INFO  [main]: using connection without pool
2022-09-05 11:10:23 INFO  [main]: using connection without pool
2022-09-05 11:10:23 INFO  [main]: using connection without pool
2022-09-05 11:10:23 INFO  [main]: using connection without pool
2022-09-05 11:10:23 INFO  [main]: using connection without pool
2022-09-05 11:10:23 INFO  [main]: using connection without pool
2022-09-05 11:10:23 INFO  [main]: using connection without pool
2022-09-05 11:10:23 INFO  [main]: using connection without pool
2022-09-05 11:10:23 INFO  [main]: using connection without pool
2022-09-05 11:10:23 INFO  [main]: using connection without pool
2022-09-05 11:10:23 INFO  [main]: using connection without pool
2022-09-05 11:10:23 INFO  [main]: using connection without pool
2022-09-05 11:10:23 INFO  [main]: using connection without pool
2022-09-05 11:10:23 INFO  [main]: using connection without pool
2022-09-05 11:10:23 INFO  [main]: using connection without pool
2022-09-05 13:27:20 INFO  [main]: using connection without pool
2022-09-05 13:27:40 INFO  [main]: using connection without pool
2022-09-05 13:28:52 INFO  [main]: using connection without pool
2022-09-05 13:29:05 INFO  [main]: using connection without pool
2022-09-05 13:39:44 INFO  [main]: using connection without pool
2022-09-05 13:41:27 INFO  [main]: using connection without pool
2022-09-05 13:44:13 INFO  [main]: using connection without pool
2022-09-05 13:44:35 INFO  [main]: using connection without pool
2022-09-05 13:45:29 INFO  [main]: using connection without pool
2022-09-05 14:00:31 INFO  [main]: using connection without pool
